 
  STRUCTURE FUNCTIONS FROM PDFLIB
  THE PROTON STRUCT FUNCT. ARE FROM THE PDFLIB TABLES: NGROUP =            4  NSET =          48
  THE PROTON : LAMBDA=  0.326



    PROJECTILE=proton    
    TARGET=PROTON    
 
  ORDER OF STR. FUN.=           1   CONVENTION OF STR. FUN.=           0
  LAMBDA IN STR. FUN.=  0.32600000000000001       GeV LAMBDA IN ALFAS=  0.32600000000000001       GeV
  Q02 VALUES : FOR PROTON Q02=   1.0000000000000000      GeV^2  FOR PION=   1.0000000000000000      GeV^2
 
  ANOMALOUS PHOTON FRAGMENTATION FROM BOURHIS-GUILLET
  SET II, LARGE GLUON
   
  Units for cross section (hbar*c)^2=   389350000.00000000     
  pb/GeV^2 when (hbar*c)^2 =0.38935D+09 
  mb/GeV^2 when (hbar*c)^2 =0.38935D0 
     cross section    E DSIG/D3P
  at rapidity=   0.0000000000000000     
  Inclusive production of photon
  ABFS NUMBER OF INTEGRATION POINTS : NVINT=          32    NWINT=          32
 
  RENOR SCALE**2 =   0.25000000000000000      *PT2 (cc2 is used)
  FACTO SCALE**2 =   0.25000000000000000      *PT2 (cc1 is used)
 
  NUMBER OF OPEN FLAVORS=           4
 
  CHARM INCLUDED IN STRUCTURE FUNCTIONS
     square root of s=   13000.000000000000      GeV        FQQ=   0.0000000000000000              FQG=   0.0000000000000000              DPQ=   0.0000000000000000     
  FACTO SCALE**2 IN FRAG =   0.25000000000000000      *PT2 (ccd is used)
  in abfs YMAX   6.4769699960173748     
  in abfs y is    0.0000000000000000     
   ****** Pt    20.000000000000000       GeV/c  SIGTOT NLL    50.712460673747252     
  including   BORN =   14.050303224608804           ANOMA =   20.899933326005129           and HIGH ORDER =   15.762224123133322     
  K factor ABFS NLL/BORN    3.6093499096108808     
