 
  STRUCTURE FUNCTIONS FROM PDFLIB
  THE PROTON STRUCT FUNCT. ARE FROM THE PDFLIB TABLES: NGROUP =  3 NSET = 68
  THE PROTON : LAMBDA=  0.300



    PROJECTILE=proton    
    TARGET=NUCLEUS    with  Z=   4. A=   9.
   cross sections are given per nucleon without corrections for nuclear effects
 
  ORDER OF STR. FUN.= 1  CONVENTION OF STR. FUN.= 0
  LAMBDA IN STR. FUN.=  0.3 GeV LAMBDA IN ALFAS=  0.3 GeV
  Q02 VALUES : FOR PROTON Q02=  1.25GeV^2  FOR PION=  1.25GeV^2
 
 PI0 FRAGMENTATION FROM KKP
   
  Units for cross section (hbar*c)^2=  389350000.
  pb/GeV^2 when (hbar*c)^2 =0.38935D+09 
  mb/GeV^2 when (hbar*c)^2 =0.38935D0 
     cross section    E DSIG/D3P
  averaged in rapidity from  -1. to   0.5
  Inclusive production of pi^0
  
   ****** Pt   4. GeV/c  SIGTOT NLL   5718.19941
     where  BORN =  4182.51105 and HIGH ORDER =  1535.68837
  K factor  fragmentation  NLL/BORN   1.36716899
  
   ****** Pt   4.5 GeV/c  SIGTOT NLL   1657.41924
     where  BORN =  1141.99754 and HIGH ORDER =  515.421705
  K factor  fragmentation  NLL/BORN   1.45133346
  
   ****** Pt   5. GeV/c  SIGTOT NLL   517.174476
     where  BORN =  339.362936 and HIGH ORDER =  177.81154
  K factor  fragmentation  NLL/BORN   1.52395686
  
   ****** Pt   5.5 GeV/c  SIGTOT NLL   171.079706
     where  BORN =  107.394935 and HIGH ORDER =  63.6847709
  K factor  fragmentation  NLL/BORN   1.59299604
